0 info it worked if it ends with ok
1 verbose cli [ '/usr/local/Cellar/node/5.0.0/bin/node',
1 verbose cli   '/usr/local/bin/npm',
1 verbose cli   'run',
1 verbose cli   'test:watch' ]
2 info using npm@3.5.3
3 info using node@v5.0.0
4 verbose run-script [ 'pretest:watch', 'test:watch', 'posttest:watch' ]
5 info lifecycle manifmaker@0.0.1~pretest:watch: manifmaker@0.0.1
6 silly lifecycle manifmaker@0.0.1~pretest:watch: no script for pretest:watch, continuing
7 info lifecycle manifmaker@0.0.1~test:watch: manifmaker@0.0.1
8 verbose lifecycle manifmaker@0.0.1~test:watch: unsafe-perm in lifecycle true
9 verbose lifecycle manifmaker@0.0.1~test:watch: PATH: /usr/local/lib/node_modules/npm/bin/node-gyp-bin:/Users/remi/WebstormProjects/Assomaker/master/ManifMaker/manifmaker/node_modules/.bin:/Users/remi/bin:/usr/local/bin:/usr/bin:/bin:/usr/sbin:/sbin:/opt/X11/bin:/Applications/Sublime\ Text\ 2.app/Contents/SharedSupport/bin/:/Applications/MAMP/bin/php/php5.4.34/bin/:/Applications/gradle-2.5/bin
10 verbose lifecycle manifmaker@0.0.1~test:watch: CWD: /Users/remi/WebstormProjects/Assomaker/master/ManifMaker/manifmaker
11 silly lifecycle manifmaker@0.0.1~test:watch: Args: [ '-c',
11 silly lifecycle   'meteor test --full-app  --driver-package practicalmeteor:mocha --port 3020' ]
12 silly lifecycle manifmaker@0.0.1~test:watch: Returned: code: 254  signal: null
13 info lifecycle manifmaker@0.0.1~test:watch: Failed to exec test:watch script
14 verbose stack Error: manifmaker@0.0.1 test:watch: `meteor test --full-app  --driver-package practicalmeteor:mocha --port 3020`
14 verbose stack Exit status 254
14 verbose stack     at EventEmitter.<anonymous> (/usr/local/lib/node_modules/npm/lib/utils/lifecycle.js:232:16)
14 verbose stack     at emitTwo (events.js:87:13)
14 verbose stack     at EventEmitter.emit (events.js:172:7)
14 verbose stack     at ChildProcess.<anonymous> (/usr/local/lib/node_modules/npm/lib/utils/spawn.js:24:14)
14 verbose stack     at emitTwo (events.js:87:13)
14 verbose stack     at ChildProcess.emit (events.js:172:7)
14 verbose stack     at maybeClose (internal/child_process.js:818:16)
14 verbose stack     at Process.ChildProcess._handle.onexit (internal/child_process.js:211:5)
15 verbose pkgid manifmaker@0.0.1
16 verbose cwd /Users/remi/WebstormProjects/Assomaker/master/ManifMaker/manifmaker
17 error Darwin 15.4.0
18 error argv "/usr/local/Cellar/node/5.0.0/bin/node" "/usr/local/bin/npm" "run" "test:watch"
19 error node v5.0.0
20 error npm  v3.5.3
21 error code ELIFECYCLE
22 error manifmaker@0.0.1 test:watch: `meteor test --full-app  --driver-package practicalmeteor:mocha --port 3020`
22 error Exit status 254
23 error Failed at the manifmaker@0.0.1 test:watch script 'meteor test --full-app  --driver-package practicalmeteor:mocha --port 3020'.
23 error Make sure you have the latest version of node.js and npm installed.
23 error If you do, this is most likely a problem with the manifmaker package,
23 error not with npm itself.
23 error Tell the author that this fails on your system:
23 error     meteor test --full-app  --driver-package practicalmeteor:mocha --port 3020
23 error You can get information on how to open an issue for this project with:
23 error     npm bugs manifmaker
23 error Or if that isn't available, you can get their info via:
23 error     npm owner ls manifmaker
23 error There is likely additional logging output above.
24 verbose exit [ 1, true ]
